Performing C++ SOURCE FILE Test COMPILER_SUPPORTS_CXX14 succeeded with the following output:
Change Dir: /home/marcel/Git/Sumfactorization/bin/CMakeFiles/CMakeTmp

Run Build Command:"/usr/bin/make" "cmTC_6b352/fast"
/usr/bin/make -f CMakeFiles/cmTC_6b352.dir/build.make CMakeFiles/cmTC_6b352.dir/build
make[1]: Entering directory '/home/marcel/Git/Sumfactorization/bin/CMakeFiles/CMakeTmp'
Building CXX object CMakeFiles/cmTC_6b352.dir/src.cxx.o
/usr/bin/c++     -DCOMPILER_SUPPORTS_CXX14   -std=c++14 -o CMakeFiles/cmTC_6b352.dir/src.cxx.o -c /home/marcel/Git/Sumfactorization/bin/CMakeFiles/CMakeTmp/src.cxx
Linking CXX executable cmTC_6b352
/usr/bin/cmake -E cmake_link_script CMakeFiles/cmTC_6b352.dir/link.txt --verbose=1
/usr/bin/c++    -DCOMPILER_SUPPORTS_CXX14    CMakeFiles/cmTC_6b352.dir/src.cxx.o  -o cmTC_6b352 -rdynamic 
make[1]: Leaving directory '/home/marcel/Git/Sumfactorization/bin/CMakeFiles/CMakeTmp'

Source file was:
int main() { return 0; }
Performing C++ SOURCE FILE Test COMPILER_SUPPORTS_CXX1Y succeeded with the following output:
Change Dir: /home/marcel/Git/Sumfactorization/bin/CMakeFiles/CMakeTmp

Run Build Command:"/usr/bin/make" "cmTC_eaf58/fast"
/usr/bin/make -f CMakeFiles/cmTC_eaf58.dir/build.make CMakeFiles/cmTC_eaf58.dir/build
make[1]: Entering directory '/home/marcel/Git/Sumfactorization/bin/CMakeFiles/CMakeTmp'
Building CXX object CMakeFiles/cmTC_eaf58.dir/src.cxx.o
/usr/bin/c++     -DCOMPILER_SUPPORTS_CXX1Y   -std=c++1y -o CMakeFiles/cmTC_eaf58.dir/src.cxx.o -c /home/marcel/Git/Sumfactorization/bin/CMakeFiles/CMakeTmp/src.cxx
Linking CXX executable cmTC_eaf58
/usr/bin/cmake -E cmake_link_script CMakeFiles/cmTC_eaf58.dir/link.txt --verbose=1
/usr/bin/c++    -DCOMPILER_SUPPORTS_CXX1Y    CMakeFiles/cmTC_eaf58.dir/src.cxx.o  -o cmTC_eaf58 -rdynamic 
make[1]: Leaving directory '/home/marcel/Git/Sumfactorization/bin/CMakeFiles/CMakeTmp'

Source file was:
int main() { return 0; }
